<?xml version="1.0" encoding="UTF-8"?>
<!-- Generated by org.testng.reporters.JUnitReportReporter -->
<testsuite hostname="LAPTOP-1FK3MS3J" failures="0" tests="5" name="test2" time="0.020" errors="0" timestamp="2023-01-21T16:40:11 IST" skipped="1">
  <testcase classname="test2" name="avt" time="0.015"/>
  <system-out/>
  <testcase classname="test2" name="sub" time="0.002"/>
  <system-out/>
  <testcase classname="test2" name="add" time="0.001"/>
  <system-out/>
  <testcase classname="test2" name="div" time="0.002"/>
  <system-out/>
  <testcase classname="test2" name="mul">
    <skipped/>
  </testcase> <!-- mul -->
  <system-out/>
</testsuite> <!-- test2 -->
