<?xml version="1.0" encoding="UTF-8"?>
<!-- Generated by org.testng.reporters.JUnitReportReporter -->
<testsuite hostname="LAPTOP-1FK3MS3J" failures="0" tests="1" name="NewTest" time="0.011" errors="0" timestamp="2023-01-21T22:32:38 IST" skipped="0">
  <testcase classname="NewTest" name="abcde" time="0.011"/>
  <system-out/>
</testsuite> <!-- NewTest -->
