<?xml version="1.0" encoding="UTF-8"?>
<!-- Generated by org.testng.reporters.JUnitReportReporter -->
<testsuite hostname="LAPTOP-1FK3MS3J" failures="0" tests="5" name="seleniumpractice.test2" time="0.022" errors="0" timestamp="2023-02-20T16:15:17 IST" skipped="1">
  <testcase classname="seleniumpractice.test2" name="avt" time="0.016"/>
  <system-out/>
  <testcase classname="seleniumpractice.test2" name="sub" time="0.002"/>
  <system-out/>
  <testcase classname="seleniumpractice.test2" name="add" time="0.002"/>
  <system-out/>
  <testcase classname="seleniumpractice.test2" name="div" time="0.002"/>
  <system-out/>
  <testcase classname="seleniumpractice.test2" name="mul">
    <skipped/>
  </testcase> <!-- mul -->
  <system-out/>
</testsuite> <!-- seleniumpractice.test2 -->
